2018-12-17 10:53:43.906 [main] INFO  [com.itwx.environment.EnvironmentApplication:] maincid - Starting EnvironmentApplication on LAPTOP-J2F3UG0L with PID 16336 (D:\JetBrains\idea-workspace\environment\target\classes started by wangxuan in D:\JetBrains\idea-workspace\environment)
2018-12-17 10:53:43.911 [main] INFO  [com.itwx.environment.EnvironmentApplication:] maincid - No active profile set, falling back to default profiles: default
2018-12-17 10:53:44.817 [main] INFO  [org.springframework.boot.web.embedded.tomcat.TomcatWebServer:90] maincid - Tomcat initialized with port(s): 8601 (http)
2018-12-17 10:53:44.832 [main] INFO  [org.apache.coyote.http11.Http11NioProtocol:173] maincid - Initializing ProtocolHandler ["http-nio-8601"]
2018-12-17 10:53:44.839 [main] INFO  [org.apache.catalina.core.StandardService:173] maincid - Starting service [Tomcat]
2018-12-17 10:53:44.840 [main] INFO  [org.apache.catalina.core.StandardEngine:173] maincid - Starting Servlet Engine: Apache Tomcat/9.0.13
2018-12-17 10:53:44.845 [main] INFO  [org.apache.catalina.core.AprLifecycleListener:173] maincid - The APR based Apache Tomcat Native library which allows optimal performance in production environments was not found on the java.library.path: [D:\java\JDK1.8\bin;C:\WINDOWS\Sun\Java\bin;C:\WINDOWS\system32;C:\WINDOWS;D:\java\JDK1.8\bin;D:\java\JDK1.8\jre\bin;C:\Program Files (x86)\Common Files\Oracle\Java\javapath;C:\Program Files (x86)\Intel\iCLS Client\;C:\Program Files\Intel\iCLS Client\;C:\Windows\system32;C:\Windows;C:\Windows\System32\Wbem;C:\Windows\System32\WindowsPowerShell\v1.0\;C:\Program Files (x86)\Intel\Intel(R) Management Engine Components\DAL;C:\Program Files\Intel\Intel(R) Management Engine Components\DAL;C:\Program Files (x86)\Intel\Intel(R) Management Engine Components\IPT;C:\Program Files\Intel\Intel(R) Management Engine Components\IPT;C:\Program Files (x86)\NVIDIA Corporation\PhysX\Common;D:\Git\cmd;D:\Mysql\bin;D:\Maven\apache-maven-3.5.4\bin;C:\WINDOWS\system32;C:\WINDOWS;C:\WINDOWS\System32\Wbem;C:\WINDOWS\System32\WindowsPowerShell\v1.0\;C:\WINDOWS\System32\OpenSSH\;D:\gradle-4.10.2\bin;D:\nodejs\;C:\Users\wangxuan\AppData\Local\Microsoft\WindowsApps;D:\nodejs\node_global;;D:\Microsoft VS Code\bin;.]
2018-12-17 10:53:44.934 [main] INFO  [org.apache.catalina.core.ContainerBase.[Tomcat].[localhost].[/]:173] maincid - Initializing Spring embedded WebApplicationContext
2018-12-17 10:53:44.935 [main] INFO  [org.springframework.web.context.ContextLoader:296] maincid - Root WebApplicationContext: initialization completed in 986 ms
2018-12-17 10:53:45.363 [main] INFO  [org.springframework.scheduling.concurrent.ThreadPoolTaskExecutor:171] maincid - Initializing ExecutorService 'applicationTaskExecutor'
2018-12-17 10:53:45.512 [main] INFO  [org.apache.coyote.http11.Http11NioProtocol:173] maincid - Starting ProtocolHandler ["http-nio-8601"]
2018-12-17 10:53:45.519 [main] INFO  [org.apache.tomcat.util.net.NioSelectorPool:173] maincid - Using a shared selector for servlet write/read
2018-12-17 10:53:45.529 [main] INFO  [org.springframework.boot.web.embedded.tomcat.TomcatWebServer:204] maincid - Tomcat started on port(s): 8601 (http) with context path ''
2018-12-17 10:53:45.531 [main] INFO  [com.itwx.environment.EnvironmentApplication:] maincid - Started EnvironmentApplication in 2.115 seconds (JVM running for 3.157)
2018-12-17 10:54:18.101 [http-nio-8601-exec-1] INFO  [org.apache.catalina.core.ContainerBase.[Tomcat].[localhost].[/]:173] http-nio-8601-exec-1cid - Initializing Spring DispatcherServlet 'dispatcherServlet'
2018-12-17 10:54:18.102 [http-nio-8601-exec-1] INFO  [org.springframework.web.servlet.DispatcherServlet:524] http-nio-8601-exec-1cid - Initializing Servlet 'dispatcherServlet'
2018-12-17 10:54:18.106 [http-nio-8601-exec-1] INFO  [org.springframework.web.servlet.DispatcherServlet:546] http-nio-8601-exec-1cid - Completed initialization in 4 ms
2018-12-17 10:54:18.138 [http-nio-8601-exec-1] ERROR [org.apache.catalina.core.ContainerBase.[Tomcat].[localhost].[/].[dispatcherServlet]:175] http-nio-8601-exec-1cid - Servlet.service() for servlet [dispatcherServlet] in context with path [] threw exception [Request processing failed; nested exception is org.apache.ibatis.binding.BindingException: Invalid bound statement (not found): com.itwx.environment.mybatis.cache.service.UserService.getUserByName] with root cause
org.apache.ibatis.binding.BindingException: Invalid bound statement (not found): com.itwx.environment.mybatis.cache.service.UserService.getUserByName
	at org.apache.ibatis.binding.MapperMethod$SqlCommand.<init>(MapperMethod.java:227) ~[mybatis-3.4.6.jar:3.4.6]
	at org.apache.ibatis.binding.MapperMethod.<init>(MapperMethod.java:49) ~[mybatis-3.4.6.jar:3.4.6]
	at org.apache.ibatis.binding.MapperProxy.cachedMapperMethod(MapperProxy.java:65) ~[mybatis-3.4.6.jar:3.4.6]
	at org.apache.ibatis.binding.MapperProxy.invoke(MapperProxy.java:58) ~[mybatis-3.4.6.jar:3.4.6]
	at com.sun.proxy.$Proxy71.getUserByName(Unknown Source) ~[?:?]
	at com.itwx.environment.mybatis.cache.controller.UserController.getUserByName(UserController.java:40) ~[classes/:?]
	at sun.reflect.NativeMethodAccessorImpl.invoke0(Native Method) ~[?:1.8.0_181]
	at sun.reflect.NativeMethodAccessorImpl.invoke(NativeMethodAccessorImpl.java:62) ~[?:1.8.0_181]
	at sun.reflect.DelegatingMethodAccessorImpl.invoke(DelegatingMethodAccessorImpl.java:43) ~[?:1.8.0_181]
	at java.lang.reflect.Method.invoke(Method.java:498) ~[?:1.8.0_181]
	at org.springframework.web.method.support.InvocableHandlerMethod.doInvoke(InvocableHandlerMethod.java:189) ~[spring-web-5.1.3.RELEASE.jar:5.1.3.RELEASE]
	at org.springframework.web.method.support.InvocableHandlerMethod.invokeForRequest(InvocableHandlerMethod.java:138) ~[spring-web-5.1.3.RELEASE.jar:5.1.3.RELEASE]
	at org.springframework.web.servlet.mvc.method.annotation.ServletInvocableHandlerMethod.invokeAndHandle(ServletInvocableHandlerMethod.java:102) ~[spring-webmvc-5.1.3.RELEASE.jar:5.1.3.RELEASE]
	at org.springframework.web.servlet.mvc.method.annotation.RequestMappingHandlerAdapter.invokeHandlerMethod(RequestMappingHandlerAdapter.java:895) ~[spring-webmvc-5.1.3.RELEASE.jar:5.1.3.RELEASE]
	at org.springframework.web.servlet.mvc.method.annotation.RequestMappingHandlerAdapter.handleInternal(RequestMappingHandlerAdapter.java:800) ~[spring-webmvc-5.1.3.RELEASE.jar:5.1.3.RELEASE]
	at org.springframework.web.servlet.mvc.method.AbstractHandlerMethodAdapter.handle(AbstractHandlerMethodAdapter.java:87) ~[spring-webmvc-5.1.3.RELEASE.jar:5.1.3.RELEASE]
	at org.springframework.web.servlet.DispatcherServlet.doDispatch(DispatcherServlet.java:1038) ~[spring-webmvc-5.1.3.RELEASE.jar:5.1.3.RELEASE]
	at org.springframework.web.servlet.DispatcherServlet.doService(DispatcherServlet.java:942) ~[spring-webmvc-5.1.3.RELEASE.jar:5.1.3.RELEASE]
	at org.springframework.web.servlet.FrameworkServlet.processRequest(FrameworkServlet.java:1005) ~[spring-webmvc-5.1.3.RELEASE.jar:5.1.3.RELEASE]
	at org.springframework.web.servlet.FrameworkServlet.doGet(FrameworkServlet.java:897) ~[spring-webmvc-5.1.3.RELEASE.jar:5.1.3.RELEASE]
	at javax.servlet.http.HttpServlet.service(HttpServlet.java:634) ~[tomcat-embed-core-9.0.13.jar:9.0.13]
	at org.springframework.web.servlet.FrameworkServlet.service(FrameworkServlet.java:882) ~[spring-webmvc-5.1.3.RELEASE.jar:5.1.3.RELEASE]
	at javax.servlet.http.HttpServlet.service(HttpServlet.java:741) ~[tomcat-embed-core-9.0.13.jar:9.0.13]
	at org.apache.catalina.core.ApplicationFilterChain.internalDoFilter(ApplicationFilterChain.java:231) ~[tomcat-embed-core-9.0.13.jar:9.0.13]
	at org.apache.catalina.core.ApplicationFilterChain.doFilter(ApplicationFilterChain.java:166) ~[tomcat-embed-core-9.0.13.jar:9.0.13]
	at org.apache.tomcat.websocket.server.WsFilter.doFilter(WsFilter.java:53) ~[tomcat-embed-websocket-9.0.13.jar:9.0.13]
	at org.apache.catalina.core.ApplicationFilterChain.internalDoFilter(ApplicationFilterChain.java:193) ~[tomcat-embed-core-9.0.13.jar:9.0.13]
	at org.apache.catalina.core.ApplicationFilterChain.doFilter(ApplicationFilterChain.java:166) ~[tomcat-embed-core-9.0.13.jar:9.0.13]
	at org.springframework.web.filter.RequestContextFilter.doFilterInternal(RequestContextFilter.java:99) ~[spring-web-5.1.3.RELEASE.jar:5.1.3.RELEASE]
	at org.springframework.web.filter.OncePerRequestFilter.doFilter(OncePerRequestFilter.java:107) ~[spring-web-5.1.3.RELEASE.jar:5.1.3.RELEASE]
	at org.apache.catalina.core.ApplicationFilterChain.internalDoFilter(ApplicationFilterChain.java:193) ~[tomcat-embed-core-9.0.13.jar:9.0.13]
	at org.apache.catalina.core.ApplicationFilterChain.doFilter(ApplicationFilterChain.java:166) ~[tomcat-embed-core-9.0.13.jar:9.0.13]
	at org.springframework.web.filter.FormContentFilter.doFilterInternal(FormContentFilter.java:92) ~[spring-web-5.1.3.RELEASE.jar:5.1.3.RELEASE]
	at org.springframework.web.filter.OncePerRequestFilter.doFilter(OncePerRequestFilter.java:107) ~[spring-web-5.1.3.RELEASE.jar:5.1.3.RELEASE]
	at org.apache.catalina.core.ApplicationFilterChain.internalDoFilter(ApplicationFilterChain.java:193) ~[tomcat-embed-core-9.0.13.jar:9.0.13]
	at org.apache.catalina.core.ApplicationFilterChain.doFilter(ApplicationFilterChain.java:166) ~[tomcat-embed-core-9.0.13.jar:9.0.13]
	at org.springframework.web.filter.HiddenHttpMethodFilter.doFilterInternal(HiddenHttpMethodFilter.java:93) ~[spring-web-5.1.3.RELEASE.jar:5.1.3.RELEASE]
	at org.springframework.web.filter.OncePerRequestFilter.doFilter(OncePerRequestFilter.java:107) ~[spring-web-5.1.3.RELEASE.jar:5.1.3.RELEASE]
	at org.apache.catalina.core.ApplicationFilterChain.internalDoFilter(ApplicationFilterChain.java:193) ~[tomcat-embed-core-9.0.13.jar:9.0.13]
	at org.apache.catalina.core.ApplicationFilterChain.doFilter(ApplicationFilterChain.java:166) ~[tomcat-embed-core-9.0.13.jar:9.0.13]
	at org.springframework.web.filter.CharacterEncodingFilter.doFilterInternal(CharacterEncodingFilter.java:200) ~[spring-web-5.1.3.RELEASE.jar:5.1.3.RELEASE]
	at org.springframework.web.filter.OncePerRequestFilter.doFilter(OncePerRequestFilter.java:107) ~[spring-web-5.1.3.RELEASE.jar:5.1.3.RELEASE]
	at org.apache.catalina.core.ApplicationFilterChain.internalDoFilter(ApplicationFilterChain.java:193) ~[tomcat-embed-core-9.0.13.jar:9.0.13]
	at org.apache.catalina.core.ApplicationFilterChain.doFilter(ApplicationFilterChain.java:166) ~[tomcat-embed-core-9.0.13.jar:9.0.13]
	at org.apache.catalina.core.StandardWrapperValve.invoke(StandardWrapperValve.java:199) ~[tomcat-embed-core-9.0.13.jar:9.0.13]
	at org.apache.catalina.core.StandardContextValve.invoke(StandardContextValve.java:96) ~[tomcat-embed-core-9.0.13.jar:9.0.13]
	at org.apache.catalina.authenticator.AuthenticatorBase.invoke(AuthenticatorBase.java:490) ~[tomcat-embed-core-9.0.13.jar:9.0.13]
	at org.apache.catalina.core.StandardHostValve.invoke(StandardHostValve.java:139) ~[tomcat-embed-core-9.0.13.jar:9.0.13]
	at org.apache.catalina.valves.ErrorReportValve.invoke(ErrorReportValve.java:92) ~[tomcat-embed-core-9.0.13.jar:9.0.13]
	at org.apache.catalina.core.StandardEngineValve.invoke(StandardEngineValve.java:74) ~[tomcat-embed-core-9.0.13.jar:9.0.13]
	at org.apache.catalina.connector.CoyoteAdapter.service(CoyoteAdapter.java:343) ~[tomcat-embed-core-9.0.13.jar:9.0.13]
	at org.apache.coyote.http11.Http11Processor.service(Http11Processor.java:408) ~[tomcat-embed-core-9.0.13.jar:9.0.13]
	at org.apache.coyote.AbstractProcessorLight.process(AbstractProcessorLight.java:66) ~[tomcat-embed-core-9.0.13.jar:9.0.13]
	at org.apache.coyote.AbstractProtocol$ConnectionHandler.process(AbstractProtocol.java:791) ~[tomcat-embed-core-9.0.13.jar:9.0.13]
	at org.apache.tomcat.util.net.NioEndpoint$SocketProcessor.doRun(NioEndpoint.java:1417) ~[tomcat-embed-core-9.0.13.jar:9.0.13]
	at org.apache.tomcat.util.net.SocketProcessorBase.run(SocketProcessorBase.java:49) ~[tomcat-embed-core-9.0.13.jar:9.0.13]
	at java.util.concurrent.ThreadPoolExecutor.runWorker(ThreadPoolExecutor.java:1149) ~[?:1.8.0_181]
	at java.util.concurrent.ThreadPoolExecutor$Worker.run(ThreadPoolExecutor.java:624) ~[?:1.8.0_181]
	at org.apache.tomcat.util.threads.TaskThread$WrappingRunnable.run(TaskThread.java:61) ~[tomcat-embed-core-9.0.13.jar:9.0.13]
	at java.lang.Thread.run(Thread.java:748) [?:1.8.0_181]
2018-12-17 10:55:15.042 [main] INFO  [com.itwx.environment.EnvironmentApplication:] maincid - Starting EnvironmentApplication on LAPTOP-J2F3UG0L with PID 13688 (D:\JetBrains\idea-workspace\environment\target\classes started by wangxuan in D:\JetBrains\idea-workspace\environment)
2018-12-17 10:55:15.048 [main] INFO  [com.itwx.environment.EnvironmentApplication:] maincid - No active profile set, falling back to default profiles: default
2018-12-17 10:55:15.812 [main] INFO  [org.springframework.boot.web.embedded.tomcat.TomcatWebServer:90] maincid - Tomcat initialized with port(s): 8601 (http)
2018-12-17 10:55:15.824 [main] INFO  [org.apache.coyote.http11.Http11NioProtocol:173] maincid - Initializing ProtocolHandler ["http-nio-8601"]
2018-12-17 10:55:15.831 [main] INFO  [org.apache.catalina.core.StandardService:173] maincid - Starting service [Tomcat]
2018-12-17 10:55:15.832 [main] INFO  [org.apache.catalina.core.StandardEngine:173] maincid - Starting Servlet Engine: Apache Tomcat/9.0.13
2018-12-17 10:55:15.837 [main] INFO  [org.apache.catalina.core.AprLifecycleListener:173] maincid - The APR based Apache Tomcat Native library which allows optimal performance in production environments was not found on the java.library.path: [D:\java\JDK1.8\bin;C:\WINDOWS\Sun\Java\bin;C:\WINDOWS\system32;C:\WINDOWS;D:\java\JDK1.8\bin;D:\java\JDK1.8\jre\bin;C:\Program Files (x86)\Common Files\Oracle\Java\javapath;C:\Program Files (x86)\Intel\iCLS Client\;C:\Program Files\Intel\iCLS Client\;C:\Windows\system32;C:\Windows;C:\Windows\System32\Wbem;C:\Windows\System32\WindowsPowerShell\v1.0\;C:\Program Files (x86)\Intel\Intel(R) Management Engine Components\DAL;C:\Program Files\Intel\Intel(R) Management Engine Components\DAL;C:\Program Files (x86)\Intel\Intel(R) Management Engine Components\IPT;C:\Program Files\Intel\Intel(R) Management Engine Components\IPT;C:\Program Files (x86)\NVIDIA Corporation\PhysX\Common;D:\Git\cmd;D:\Mysql\bin;D:\Maven\apache-maven-3.5.4\bin;C:\WINDOWS\system32;C:\WINDOWS;C:\WINDOWS\System32\Wbem;C:\WINDOWS\System32\WindowsPowerShell\v1.0\;C:\WINDOWS\System32\OpenSSH\;D:\gradle-4.10.2\bin;D:\nodejs\;C:\Users\wangxuan\AppData\Local\Microsoft\WindowsApps;D:\nodejs\node_global;;D:\Microsoft VS Code\bin;.]
2018-12-17 10:55:15.931 [main] INFO  [org.apache.catalina.core.ContainerBase.[Tomcat].[localhost].[/]:173] maincid - Initializing Spring embedded WebApplicationContext
2018-12-17 10:55:15.932 [main] INFO  [org.springframework.web.context.ContextLoader:296] maincid - Root WebApplicationContext: initialization completed in 851 ms
2018-12-17 10:55:16.312 [main] INFO  [org.springframework.scheduling.concurrent.ThreadPoolTaskExecutor:171] maincid - Initializing ExecutorService 'applicationTaskExecutor'
2018-12-17 10:55:16.459 [main] INFO  [org.apache.coyote.http11.Http11NioProtocol:173] maincid - Starting ProtocolHandler ["http-nio-8601"]
2018-12-17 10:55:16.466 [main] INFO  [org.apache.tomcat.util.net.NioSelectorPool:173] maincid - Using a shared selector for servlet write/read
2018-12-17 10:55:16.476 [main] INFO  [org.springframework.boot.web.embedded.tomcat.TomcatWebServer:204] maincid - Tomcat started on port(s): 8601 (http) with context path ''
2018-12-17 10:55:16.478 [main] INFO  [com.itwx.environment.EnvironmentApplication:] maincid - Started EnvironmentApplication in 1.88 seconds (JVM running for 2.821)
2018-12-17 10:55:17.922 [http-nio-8601-exec-1] INFO  [org.apache.catalina.core.ContainerBase.[Tomcat].[localhost].[/]:173] http-nio-8601-exec-1cid - Initializing Spring DispatcherServlet 'dispatcherServlet'
2018-12-17 10:55:17.922 [http-nio-8601-exec-1] INFO  [org.springframework.web.servlet.DispatcherServlet:524] http-nio-8601-exec-1cid - Initializing Servlet 'dispatcherServlet'
2018-12-17 10:55:17.926 [http-nio-8601-exec-1] INFO  [org.springframework.web.servlet.DispatcherServlet:546] http-nio-8601-exec-1cid - Completed initialization in 4 ms
2018-12-17 10:55:17.980 [http-nio-8601-exec-1] INFO  [com.zaxxer.hikari.HikariDataSource:110] http-nio-8601-exec-1cid - HikariPool-1 - Starting...
2018-12-17 10:55:18.164 [http-nio-8601-exec-1] INFO  [com.zaxxer.hikari.HikariDataSource:123] http-nio-8601-exec-1cid - HikariPool-1 - Start completed.
