2018-12-14 15:29:33.950 [main] INFO  [com.itwx.environment.EnvironmentApplication:] maincid - Starting EnvironmentApplication on LAPTOP-J2F3UG0L with PID 14236 (D:\JetBrains\idea-workspace\environment\target\classes started by wangxuan in D:\JetBrains\idea-workspace\environment)
2018-12-14 15:29:33.962 [main] INFO  [com.itwx.environment.EnvironmentApplication:] maincid - No active profile set, falling back to default profiles: default
2018-12-14 15:29:34.811 [main] INFO  [org.springframework.boot.web.embedded.tomcat.TomcatWebServer:90] maincid - Tomcat initialized with port(s): 8601 (http)
2018-12-14 15:29:34.823 [main] INFO  [org.apache.coyote.http11.Http11NioProtocol:173] maincid - Initializing ProtocolHandler ["http-nio-8601"]
2018-12-14 15:29:34.830 [main] INFO  [org.apache.catalina.core.StandardService:173] maincid - Starting service [Tomcat]
2018-12-14 15:29:34.830 [main] INFO  [org.apache.catalina.core.StandardEngine:173] maincid - Starting Servlet Engine: Apache Tomcat/9.0.13
2018-12-14 15:29:34.835 [main] INFO  [org.apache.catalina.core.AprLifecycleListener:173] maincid - The APR based Apache Tomcat Native library which allows optimal performance in production environments was not found on the java.library.path: [D:\java\JDK1.8\bin;C:\WINDOWS\Sun\Java\bin;C:\WINDOWS\system32;C:\WINDOWS;D:\java\JDK1.8\bin;D:\java\JDK1.8\jre\bin;C:\Program Files (x86)\Common Files\Oracle\Java\javapath;C:\Program Files (x86)\Intel\iCLS Client\;C:\Program Files\Intel\iCLS Client\;C:\Windows\system32;C:\Windows;C:\Windows\System32\Wbem;C:\Windows\System32\WindowsPowerShell\v1.0\;C:\Program Files (x86)\Intel\Intel(R) Management Engine Components\DAL;C:\Program Files\Intel\Intel(R) Management Engine Components\DAL;C:\Program Files (x86)\Intel\Intel(R) Management Engine Components\IPT;C:\Program Files\Intel\Intel(R) Management Engine Components\IPT;C:\Program Files (x86)\NVIDIA Corporation\PhysX\Common;D:\Git\cmd;D:\Mysql\bin;D:\Maven\apache-maven-3.5.4\bin;C:\WINDOWS\system32;C:\WINDOWS;C:\WINDOWS\System32\Wbem;C:\WINDOWS\System32\WindowsPowerShell\v1.0\;C:\WINDOWS\System32\OpenSSH\;D:\gradle-4.10.2\bin;D:\nodejs\;C:\Users\wangxuan\AppData\Local\Microsoft\WindowsApps;D:\nodejs\node_global;;D:\Microsoft VS Code\bin;.]
2018-12-14 15:29:34.916 [main] INFO  [org.apache.catalina.core.ContainerBase.[Tomcat].[localhost].[/]:173] maincid - Initializing Spring embedded WebApplicationContext
2018-12-14 15:29:34.916 [main] INFO  [org.springframework.web.context.ContextLoader:296] maincid - Root WebApplicationContext: initialization completed in 921 ms
2018-12-14 15:29:35.278 [main] INFO  [org.springframework.scheduling.concurrent.ThreadPoolTaskExecutor:171] maincid - Initializing ExecutorService 'applicationTaskExecutor'
2018-12-14 15:29:35.414 [main] INFO  [org.apache.coyote.http11.Http11NioProtocol:173] maincid - Starting ProtocolHandler ["http-nio-8601"]
2018-12-14 15:29:35.421 [main] INFO  [org.apache.tomcat.util.net.NioSelectorPool:173] maincid - Using a shared selector for servlet write/read
2018-12-14 15:29:35.432 [main] INFO  [org.springframework.boot.web.embedded.tomcat.TomcatWebServer:204] maincid - Tomcat started on port(s): 8601 (http) with context path ''
2018-12-14 15:29:35.434 [main] INFO  [com.itwx.environment.EnvironmentApplication:] maincid - Started EnvironmentApplication in 1.969 seconds (JVM running for 2.944)
2018-12-14 15:29:47.407 [http-nio-8601-exec-1] INFO  [org.apache.catalina.core.ContainerBase.[Tomcat].[localhost].[/]:173] http-nio-8601-exec-1cid - Initializing Spring DispatcherServlet 'dispatcherServlet'
2018-12-14 15:29:47.407 [http-nio-8601-exec-1] INFO  [org.springframework.web.servlet.DispatcherServlet:524] http-nio-8601-exec-1cid - Initializing Servlet 'dispatcherServlet'
2018-12-14 15:29:47.411 [http-nio-8601-exec-1] INFO  [org.springframework.web.servlet.DispatcherServlet:546] http-nio-8601-exec-1cid - Completed initialization in 4 ms
2018-12-14 15:29:47.468 [http-nio-8601-exec-1] INFO  [com.zaxxer.hikari.HikariDataSource:110] http-nio-8601-exec-1cid - HikariPool-1 - Starting...
2018-12-14 15:29:47.592 [http-nio-8601-exec-1] INFO  [com.zaxxer.hikari.HikariDataSource:123] http-nio-8601-exec-1cid - HikariPool-1 - Start completed.
2018-12-14 15:30:04.641 [main] INFO  [com.itwx.environment.EnvironmentApplication:] maincid - Starting EnvironmentApplication on LAPTOP-J2F3UG0L with PID 5368 (D:\JetBrains\idea-workspace\environment\target\classes started by wangxuan in D:\JetBrains\idea-workspace\environment)
2018-12-14 15:30:04.645 [main] INFO  [com.itwx.environment.EnvironmentApplication:] maincid - No active profile set, falling back to default profiles: default
2018-12-14 15:30:05.371 [main] INFO  [org.springframework.boot.web.embedded.tomcat.TomcatWebServer:90] maincid - Tomcat initialized with port(s): 8601 (http)
2018-12-14 15:30:05.384 [main] INFO  [org.apache.coyote.http11.Http11NioProtocol:173] maincid - Initializing ProtocolHandler ["http-nio-8601"]
2018-12-14 15:30:05.391 [main] INFO  [org.apache.catalina.core.StandardService:173] maincid - Starting service [Tomcat]
2018-12-14 15:30:05.391 [main] INFO  [org.apache.catalina.core.StandardEngine:173] maincid - Starting Servlet Engine: Apache Tomcat/9.0.13
2018-12-14 15:30:05.396 [main] INFO  [org.apache.catalina.core.AprLifecycleListener:173] maincid - The APR based Apache Tomcat Native library which allows optimal performance in production environments was not found on the java.library.path: [D:\java\JDK1.8\bin;C:\WINDOWS\Sun\Java\bin;C:\WINDOWS\system32;C:\WINDOWS;D:\java\JDK1.8\bin;D:\java\JDK1.8\jre\bin;C:\Program Files (x86)\Common Files\Oracle\Java\javapath;C:\Program Files (x86)\Intel\iCLS Client\;C:\Program Files\Intel\iCLS Client\;C:\Windows\system32;C:\Windows;C:\Windows\System32\Wbem;C:\Windows\System32\WindowsPowerShell\v1.0\;C:\Program Files (x86)\Intel\Intel(R) Management Engine Components\DAL;C:\Program Files\Intel\Intel(R) Management Engine Components\DAL;C:\Program Files (x86)\Intel\Intel(R) Management Engine Components\IPT;C:\Program Files\Intel\Intel(R) Management Engine Components\IPT;C:\Program Files (x86)\NVIDIA Corporation\PhysX\Common;D:\Git\cmd;D:\Mysql\bin;D:\Maven\apache-maven-3.5.4\bin;C:\WINDOWS\system32;C:\WINDOWS;C:\WINDOWS\System32\Wbem;C:\WINDOWS\System32\WindowsPowerShell\v1.0\;C:\WINDOWS\System32\OpenSSH\;D:\gradle-4.10.2\bin;D:\nodejs\;C:\Users\wangxuan\AppData\Local\Microsoft\WindowsApps;D:\nodejs\node_global;;D:\Microsoft VS Code\bin;.]
2018-12-14 15:30:05.478 [main] INFO  [org.apache.catalina.core.ContainerBase.[Tomcat].[localhost].[/]:173] maincid - Initializing Spring embedded WebApplicationContext
2018-12-14 15:30:05.478 [main] INFO  [org.springframework.web.context.ContextLoader:296] maincid - Root WebApplicationContext: initialization completed in 810 ms
2018-12-14 15:30:05.836 [main] INFO  [org.springframework.scheduling.concurrent.ThreadPoolTaskExecutor:171] maincid - Initializing ExecutorService 'applicationTaskExecutor'
2018-12-14 15:30:05.974 [main] INFO  [org.apache.coyote.http11.Http11NioProtocol:173] maincid - Starting ProtocolHandler ["http-nio-8601"]
2018-12-14 15:30:05.980 [main] INFO  [org.apache.tomcat.util.net.NioSelectorPool:173] maincid - Using a shared selector for servlet write/read
2018-12-14 15:30:05.990 [main] INFO  [org.springframework.boot.web.embedded.tomcat.TomcatWebServer:204] maincid - Tomcat started on port(s): 8601 (http) with context path ''
2018-12-14 15:30:05.992 [main] INFO  [com.itwx.environment.EnvironmentApplication:] maincid - Started EnvironmentApplication in 1.785 seconds (JVM running for 2.736)
2018-12-14 15:30:09.014 [http-nio-8601-exec-1] INFO  [org.apache.catalina.core.ContainerBase.[Tomcat].[localhost].[/]:173] http-nio-8601-exec-1cid - Initializing Spring DispatcherServlet 'dispatcherServlet'
2018-12-14 15:30:09.015 [http-nio-8601-exec-1] INFO  [org.springframework.web.servlet.DispatcherServlet:524] http-nio-8601-exec-1cid - Initializing Servlet 'dispatcherServlet'
2018-12-14 15:30:09.020 [http-nio-8601-exec-1] INFO  [org.springframework.web.servlet.DispatcherServlet:546] http-nio-8601-exec-1cid - Completed initialization in 5 ms
2018-12-14 15:30:09.076 [http-nio-8601-exec-1] INFO  [com.zaxxer.hikari.HikariDataSource:110] http-nio-8601-exec-1cid - HikariPool-1 - Starting...
2018-12-14 15:30:09.203 [http-nio-8601-exec-1] INFO  [com.zaxxer.hikari.HikariDataSource:123] http-nio-8601-exec-1cid - HikariPool-1 - Start completed.
2018-12-14 15:30:33.181 [main] INFO  [com.itwx.environment.EnvironmentApplication:] maincid - Starting EnvironmentApplication on LAPTOP-J2F3UG0L with PID 6496 (D:\JetBrains\idea-workspace\environment\target\classes started by wangxuan in D:\JetBrains\idea-workspace\environment)
2018-12-14 15:30:33.186 [main] INFO  [com.itwx.environment.EnvironmentApplication:] maincid - No active profile set, falling back to default profiles: default
2018-12-14 15:30:33.980 [main] INFO  [org.springframework.boot.web.embedded.tomcat.TomcatWebServer:90] maincid - Tomcat initialized with port(s): 8601 (http)
2018-12-14 15:30:33.992 [main] INFO  [org.apache.coyote.http11.Http11NioProtocol:173] maincid - Initializing ProtocolHandler ["http-nio-8601"]
2018-12-14 15:30:33.998 [main] INFO  [org.apache.catalina.core.StandardService:173] maincid - Starting service [Tomcat]
2018-12-14 15:30:33.999 [main] INFO  [org.apache.catalina.core.StandardEngine:173] maincid - Starting Servlet Engine: Apache Tomcat/9.0.13
2018-12-14 15:30:34.004 [main] INFO  [org.apache.catalina.core.AprLifecycleListener:173] maincid - The APR based Apache Tomcat Native library which allows optimal performance in production environments was not found on the java.library.path: [D:\java\JDK1.8\bin;C:\WINDOWS\Sun\Java\bin;C:\WINDOWS\system32;C:\WINDOWS;D:\java\JDK1.8\bin;D:\java\JDK1.8\jre\bin;C:\Program Files (x86)\Common Files\Oracle\Java\javapath;C:\Program Files (x86)\Intel\iCLS Client\;C:\Program Files\Intel\iCLS Client\;C:\Windows\system32;C:\Windows;C:\Windows\System32\Wbem;C:\Windows\System32\WindowsPowerShell\v1.0\;C:\Program Files (x86)\Intel\Intel(R) Management Engine Components\DAL;C:\Program Files\Intel\Intel(R) Management Engine Components\DAL;C:\Program Files (x86)\Intel\Intel(R) Management Engine Components\IPT;C:\Program Files\Intel\Intel(R) Management Engine Components\IPT;C:\Program Files (x86)\NVIDIA Corporation\PhysX\Common;D:\Git\cmd;D:\Mysql\bin;D:\Maven\apache-maven-3.5.4\bin;C:\WINDOWS\system32;C:\WINDOWS;C:\WINDOWS\System32\Wbem;C:\WINDOWS\System32\WindowsPowerShell\v1.0\;C:\WINDOWS\System32\OpenSSH\;D:\gradle-4.10.2\bin;D:\nodejs\;C:\Users\wangxuan\AppData\Local\Microsoft\WindowsApps;D:\nodejs\node_global;;D:\Microsoft VS Code\bin;.]
2018-12-14 15:30:34.084 [main] INFO  [org.apache.catalina.core.ContainerBase.[Tomcat].[localhost].[/]:173] maincid - Initializing Spring embedded WebApplicationContext
2018-12-14 15:30:34.084 [main] INFO  [org.springframework.web.context.ContextLoader:296] maincid - Root WebApplicationContext: initialization completed in 867 ms
2018-12-14 15:30:34.459 [main] INFO  [org.springframework.scheduling.concurrent.ThreadPoolTaskExecutor:171] maincid - Initializing ExecutorService 'applicationTaskExecutor'
2018-12-14 15:30:34.598 [main] INFO  [org.apache.coyote.http11.Http11NioProtocol:173] maincid - Starting ProtocolHandler ["http-nio-8601"]
2018-12-14 15:30:34.605 [main] INFO  [org.apache.tomcat.util.net.NioSelectorPool:173] maincid - Using a shared selector for servlet write/read
2018-12-14 15:30:34.614 [main] INFO  [org.springframework.boot.web.embedded.tomcat.TomcatWebServer:204] maincid - Tomcat started on port(s): 8601 (http) with context path ''
2018-12-14 15:30:34.616 [main] INFO  [com.itwx.environment.EnvironmentApplication:] maincid - Started EnvironmentApplication in 1.907 seconds (JVM running for 2.837)
2018-12-14 15:30:39.778 [http-nio-8601-exec-1] INFO  [org.apache.catalina.core.ContainerBase.[Tomcat].[localhost].[/]:173] http-nio-8601-exec-1cid - Initializing Spring DispatcherServlet 'dispatcherServlet'
2018-12-14 15:30:39.778 [http-nio-8601-exec-1] INFO  [org.springframework.web.servlet.DispatcherServlet:524] http-nio-8601-exec-1cid - Initializing Servlet 'dispatcherServlet'
2018-12-14 15:30:39.782 [http-nio-8601-exec-1] INFO  [org.springframework.web.servlet.DispatcherServlet:546] http-nio-8601-exec-1cid - Completed initialization in 4 ms
2018-12-14 15:30:39.839 [http-nio-8601-exec-1] INFO  [com.zaxxer.hikari.HikariDataSource:110] http-nio-8601-exec-1cid - HikariPool-1 - Starting...
2018-12-14 15:30:39.964 [http-nio-8601-exec-1] INFO  [com.zaxxer.hikari.HikariDataSource:123] http-nio-8601-exec-1cid - HikariPool-1 - Start completed.
2018-12-14 15:36:29.346 [main] INFO  [com.itwx.environment.EnvironmentApplication:] maincid - Starting EnvironmentApplication on LAPTOP-J2F3UG0L with PID 5428 (D:\JetBrains\idea-workspace\environment\target\classes started by wangxuan in D:\JetBrains\idea-workspace\environment)
2018-12-14 15:36:29.350 [main] INFO  [com.itwx.environment.EnvironmentApplication:] maincid - No active profile set, falling back to default profiles: default
2018-12-14 15:36:30.072 [main] INFO  [org.springframework.boot.web.embedded.tomcat.TomcatWebServer:90] maincid - Tomcat initialized with port(s): 8601 (http)
2018-12-14 15:36:30.084 [main] INFO  [org.apache.coyote.http11.Http11NioProtocol:173] maincid - Initializing ProtocolHandler ["http-nio-8601"]
2018-12-14 15:36:30.090 [main] INFO  [org.apache.catalina.core.StandardService:173] maincid - Starting service [Tomcat]
2018-12-14 15:36:30.091 [main] INFO  [org.apache.catalina.core.StandardEngine:173] maincid - Starting Servlet Engine: Apache Tomcat/9.0.13
2018-12-14 15:36:30.096 [main] INFO  [org.apache.catalina.core.AprLifecycleListener:173] maincid - The APR based Apache Tomcat Native library which allows optimal performance in production environments was not found on the java.library.path: [D:\java\JDK1.8\bin;C:\WINDOWS\Sun\Java\bin;C:\WINDOWS\system32;C:\WINDOWS;D:\java\JDK1.8\bin;D:\java\JDK1.8\jre\bin;C:\Program Files (x86)\Common Files\Oracle\Java\javapath;C:\Program Files (x86)\Intel\iCLS Client\;C:\Program Files\Intel\iCLS Client\;C:\Windows\system32;C:\Windows;C:\Windows\System32\Wbem;C:\Windows\System32\WindowsPowerShell\v1.0\;C:\Program Files (x86)\Intel\Intel(R) Management Engine Components\DAL;C:\Program Files\Intel\Intel(R) Management Engine Components\DAL;C:\Program Files (x86)\Intel\Intel(R) Management Engine Components\IPT;C:\Program Files\Intel\Intel(R) Management Engine Components\IPT;C:\Program Files (x86)\NVIDIA Corporation\PhysX\Common;D:\Git\cmd;D:\Mysql\bin;D:\Maven\apache-maven-3.5.4\bin;C:\WINDOWS\system32;C:\WINDOWS;C:\WINDOWS\System32\Wbem;C:\WINDOWS\System32\WindowsPowerShell\v1.0\;C:\WINDOWS\System32\OpenSSH\;D:\gradle-4.10.2\bin;D:\nodejs\;C:\Users\wangxuan\AppData\Local\Microsoft\WindowsApps;D:\nodejs\node_global;;D:\Microsoft VS Code\bin;.]
2018-12-14 15:36:30.178 [main] INFO  [org.apache.catalina.core.ContainerBase.[Tomcat].[localhost].[/]:173] maincid - Initializing Spring embedded WebApplicationContext
2018-12-14 15:36:30.178 [main] INFO  [org.springframework.web.context.ContextLoader:296] maincid - Root WebApplicationContext: initialization completed in 804 ms
2018-12-14 15:36:30.554 [main] INFO  [org.springframework.scheduling.concurrent.ThreadPoolTaskExecutor:171] maincid - Initializing ExecutorService 'applicationTaskExecutor'
2018-12-14 15:36:30.711 [main] INFO  [org.apache.coyote.http11.Http11NioProtocol:173] maincid - Starting ProtocolHandler ["http-nio-8601"]
2018-12-14 15:36:30.718 [main] INFO  [org.apache.tomcat.util.net.NioSelectorPool:173] maincid - Using a shared selector for servlet write/read
2018-12-14 15:36:30.728 [main] INFO  [org.springframework.boot.web.embedded.tomcat.TomcatWebServer:204] maincid - Tomcat started on port(s): 8601 (http) with context path ''
2018-12-14 15:36:30.731 [main] INFO  [com.itwx.environment.EnvironmentApplication:] maincid - Started EnvironmentApplication in 1.837 seconds (JVM running for 2.794)
2018-12-14 15:37:03.291 [http-nio-8601-exec-2] INFO  [org.apache.catalina.core.ContainerBase.[Tomcat].[localhost].[/]:173] http-nio-8601-exec-2cid - Initializing Spring DispatcherServlet 'dispatcherServlet'
2018-12-14 15:37:03.291 [http-nio-8601-exec-2] INFO  [org.springframework.web.servlet.DispatcherServlet:524] http-nio-8601-exec-2cid - Initializing Servlet 'dispatcherServlet'
2018-12-14 15:37:03.295 [http-nio-8601-exec-2] INFO  [org.springframework.web.servlet.DispatcherServlet:546] http-nio-8601-exec-2cid - Completed initialization in 4 ms
2018-12-14 15:37:03.353 [http-nio-8601-exec-2] INFO  [com.zaxxer.hikari.HikariDataSource:110] http-nio-8601-exec-2cid - HikariPool-1 - Starting...
2018-12-14 15:37:03.479 [http-nio-8601-exec-2] INFO  [com.zaxxer.hikari.HikariDataSource:123] http-nio-8601-exec-2cid - HikariPool-1 - Start completed.
2018-12-14 15:37:03.550 [http-nio-8601-exec-2] ERROR [org.apache.catalina.core.ContainerBase.[Tomcat].[localhost].[/].[dispatcherServlet]:175] http-nio-8601-exec-2cid - Servlet.service() for servlet [dispatcherServlet] in context with path [] threw exception [Request processing failed; nested exception is org.springframework.jdbc.BadSqlGrammarException: 
### Error querying database.  Cause: com.mysql.jdbc.exceptions.jdbc4.MySQLSyntaxErrorException: Unknown column 'caoyc' in 'where clause'
### The error may exist in file [D:\JetBrains\idea-workspace\environment\target\classes\mapper\mybatis\UserMapper.xml]
### The error may involve com.itwx.environment.mybatis.cache.mapper.UserMapper.selectUserByName-Inline
### The error occurred while setting parameters
### SQL: select id,name,balance,state from user         where 1=1                       and name = caoyc
### Cause: com.mysql.jdbc.exceptions.jdbc4.MySQLSyntaxErrorException: Unknown column 'caoyc' in 'where clause'
; bad SQL grammar []; nested exception is com.mysql.jdbc.exceptions.jdbc4.MySQLSyntaxErrorException: Unknown column 'caoyc' in 'where clause'] with root cause
com.mysql.jdbc.exceptions.jdbc4.MySQLSyntaxErrorException: Unknown column 'caoyc' in 'where clause'
	at sun.reflect.NativeConstructorAccessorImpl.newInstance0(Native Method) ~[?:1.8.0_181]
	at sun.reflect.NativeConstructorAccessorImpl.newInstance(NativeConstructorAccessorImpl.java:62) ~[?:1.8.0_181]
	at sun.reflect.DelegatingConstructorAccessorImpl.newInstance(DelegatingConstructorAccessorImpl.java:45) ~[?:1.8.0_181]
	at java.lang.reflect.Constructor.newInstance(Constructor.java:423) ~[?:1.8.0_181]
	at com.mysql.jdbc.Util.handleNewInstance(Util.java:425) ~[mysql-connector-java-5.1.46.jar:5.1.46]
	at com.mysql.jdbc.Util.getInstance(Util.java:408) ~[mysql-connector-java-5.1.46.jar:5.1.46]
	at com.mysql.jdbc.SQLError.createSQLException(SQLError.java:944) ~[mysql-connector-java-5.1.46.jar:5.1.46]
	at com.mysql.jdbc.MysqlIO.checkErrorPacket(MysqlIO.java:3976) ~[mysql-connector-java-5.1.46.jar:5.1.46]
	at com.mysql.jdbc.MysqlIO.checkErrorPacket(MysqlIO.java:3912) ~[mysql-connector-java-5.1.46.jar:5.1.46]
	at com.mysql.jdbc.MysqlIO.sendCommand(MysqlIO.java:2530) ~[mysql-connector-java-5.1.46.jar:5.1.46]
	at com.mysql.jdbc.MysqlIO.sqlQueryDirect(MysqlIO.java:2683) ~[mysql-connector-java-5.1.46.jar:5.1.46]
	at com.mysql.jdbc.ConnectionImpl.execSQL(ConnectionImpl.java:2486) ~[mysql-connector-java-5.1.46.jar:5.1.46]
	at com.mysql.jdbc.PreparedStatement.executeInternal(PreparedStatement.java:1858) ~[mysql-connector-java-5.1.46.jar:5.1.46]
	at com.mysql.jdbc.PreparedStatement.execute(PreparedStatement.java:1197) ~[mysql-connector-java-5.1.46.jar:5.1.46]
	at com.zaxxer.hikari.pool.ProxyPreparedStatement.execute(ProxyPreparedStatement.java:44) ~[HikariCP-3.2.0.jar:?]
	at com.zaxxer.hikari.pool.HikariProxyPreparedStatement.execute(HikariProxyPreparedStatement.java) ~[HikariCP-3.2.0.jar:?]
	at sun.reflect.NativeMethodAccessorImpl.invoke0(Native Method) ~[?:1.8.0_181]
	at sun.reflect.NativeMethodAccessorImpl.invoke(NativeMethodAccessorImpl.java:62) ~[?:1.8.0_181]
	at sun.reflect.DelegatingMethodAccessorImpl.invoke(DelegatingMethodAccessorImpl.java:43) ~[?:1.8.0_181]
	at java.lang.reflect.Method.invoke(Method.java:498) ~[?:1.8.0_181]
	at org.apache.ibatis.logging.jdbc.PreparedStatementLogger.invoke(PreparedStatementLogger.java:59) ~[mybatis-3.4.6.jar:3.4.6]
	at com.sun.proxy.$Proxy82.execute(Unknown Source) ~[?:?]
	at org.apache.ibatis.executor.statement.PreparedStatementHandler.query(PreparedStatementHandler.java:63) ~[mybatis-3.4.6.jar:3.4.6]
	at org.apache.ibatis.executor.statement.RoutingStatementHandler.query(RoutingStatementHandler.java:79) ~[mybatis-3.4.6.jar:3.4.6]
	at org.apache.ibatis.executor.SimpleExecutor.doQuery(SimpleExecutor.java:63) ~[mybatis-3.4.6.jar:3.4.6]
	at org.apache.ibatis.executor.BaseExecutor.queryFromDatabase(BaseExecutor.java:326) ~[mybatis-3.4.6.jar:3.4.6]
	at org.apache.ibatis.executor.BaseExecutor.query(BaseExecutor.java:156) ~[mybatis-3.4.6.jar:3.4.6]
	at org.apache.ibatis.executor.CachingExecutor.query(CachingExecutor.java:109) ~[mybatis-3.4.6.jar:3.4.6]
	at org.apache.ibatis.executor.CachingExecutor.query(CachingExecutor.java:83) ~[mybatis-3.4.6.jar:3.4.6]
	at org.apache.ibatis.session.defaults.DefaultSqlSession.selectList(DefaultSqlSession.java:148) ~[mybatis-3.4.6.jar:3.4.6]
	at org.apache.ibatis.session.defaults.DefaultSqlSession.selectList(DefaultSqlSession.java:141) ~[mybatis-3.4.6.jar:3.4.6]
	at org.apache.ibatis.session.defaults.DefaultSqlSession.selectOne(DefaultSqlSession.java:77) ~[mybatis-3.4.6.jar:3.4.6]
	at sun.reflect.NativeMethodAccessorImpl.invoke0(Native Method) ~[?:1.8.0_181]
	at sun.reflect.NativeMethodAccessorImpl.invoke(NativeMethodAccessorImpl.java:62) ~[?:1.8.0_181]
	at sun.reflect.DelegatingMethodAccessorImpl.invoke(DelegatingMethodAccessorImpl.java:43) ~[?:1.8.0_181]
	at java.lang.reflect.Method.invoke(Method.java:498) ~[?:1.8.0_181]
	at org.mybatis.spring.SqlSessionTemplate$SqlSessionInterceptor.invoke(SqlSessionTemplate.java:433) ~[mybatis-spring-1.3.2.jar:1.3.2]
	at com.sun.proxy.$Proxy69.selectOne(Unknown Source) ~[?:?]
	at org.mybatis.spring.SqlSessionTemplate.selectOne(SqlSessionTemplate.java:166) ~[mybatis-spring-1.3.2.jar:1.3.2]
	at org.apache.ibatis.binding.MapperMethod.execute(MapperMethod.java:83) ~[mybatis-3.4.6.jar:3.4.6]
	at org.apache.ibatis.binding.MapperProxy.invoke(MapperProxy.java:59) ~[mybatis-3.4.6.jar:3.4.6]
	at com.sun.proxy.$Proxy70.selectUserByName(Unknown Source) ~[?:?]
	at com.itwx.environment.mybatis.cache.service.impl.UserServiceImpl.getUserByName(UserServiceImpl.java:27) ~[classes/:?]
	at com.itwx.environment.mybatis.cache.controller.UserController.getUserByName(UserController.java:40) ~[classes/:?]
	at sun.reflect.NativeMethodAccessorImpl.invoke0(Native Method) ~[?:1.8.0_181]
	at sun.reflect.NativeMethodAccessorImpl.invoke(NativeMethodAccessorImpl.java:62) ~[?:1.8.0_181]
	at sun.reflect.DelegatingMethodAccessorImpl.invoke(DelegatingMethodAccessorImpl.java:43) ~[?:1.8.0_181]
	at java.lang.reflect.Method.invoke(Method.java:498) ~[?:1.8.0_181]
	at org.springframework.web.method.support.InvocableHandlerMethod.doInvoke(InvocableHandlerMethod.java:189) ~[spring-web-5.1.3.RELEASE.jar:5.1.3.RELEASE]
	at org.springframework.web.method.support.InvocableHandlerMethod.invokeForRequest(InvocableHandlerMethod.java:138) ~[spring-web-5.1.3.RELEASE.jar:5.1.3.RELEASE]
	at org.springframework.web.servlet.mvc.method.annotation.ServletInvocableHandlerMethod.invokeAndHandle(ServletInvocableHandlerMethod.java:102) ~[spring-webmvc-5.1.3.RELEASE.jar:5.1.3.RELEASE]
	at org.springframework.web.servlet.mvc.method.annotation.RequestMappingHandlerAdapter.invokeHandlerMethod(RequestMappingHandlerAdapter.java:895) ~[spring-webmvc-5.1.3.RELEASE.jar:5.1.3.RELEASE]
	at org.springframework.web.servlet.mvc.method.annotation.RequestMappingHandlerAdapter.handleInternal(RequestMappingHandlerAdapter.java:800) ~[spring-webmvc-5.1.3.RELEASE.jar:5.1.3.RELEASE]
	at org.springframework.web.servlet.mvc.method.AbstractHandlerMethodAdapter.handle(AbstractHandlerMethodAdapter.java:87) ~[spring-webmvc-5.1.3.RELEASE.jar:5.1.3.RELEASE]
	at org.springframework.web.servlet.DispatcherServlet.doDispatch(DispatcherServlet.java:1038) ~[spring-webmvc-5.1.3.RELEASE.jar:5.1.3.RELEASE]
	at org.springframework.web.servlet.DispatcherServlet.doService(DispatcherServlet.java:942) ~[spring-webmvc-5.1.3.RELEASE.jar:5.1.3.RELEASE]
	at org.springframework.web.servlet.FrameworkServlet.processRequest(FrameworkServlet.java:1005) ~[spring-webmvc-5.1.3.RELEASE.jar:5.1.3.RELEASE]
	at org.springframework.web.servlet.FrameworkServlet.doGet(FrameworkServlet.java:897) ~[spring-webmvc-5.1.3.RELEASE.jar:5.1.3.RELEASE]
	at javax.servlet.http.HttpServlet.service(HttpServlet.java:634) ~[tomcat-embed-core-9.0.13.jar:9.0.13]
	at org.springframework.web.servlet.FrameworkServlet.service(FrameworkServlet.java:882) ~[spring-webmvc-5.1.3.RELEASE.jar:5.1.3.RELEASE]
	at javax.servlet.http.HttpServlet.service(HttpServlet.java:741) ~[tomcat-embed-core-9.0.13.jar:9.0.13]
	at org.apache.catalina.core.ApplicationFilterChain.internalDoFilter(ApplicationFilterChain.java:231) ~[tomcat-embed-core-9.0.13.jar:9.0.13]
	at org.apache.catalina.core.ApplicationFilterChain.doFilter(ApplicationFilterChain.java:166) ~[tomcat-embed-core-9.0.13.jar:9.0.13]
	at org.apache.tomcat.websocket.server.WsFilter.doFilter(WsFilter.java:53) ~[tomcat-embed-websocket-9.0.13.jar:9.0.13]
	at org.apache.catalina.core.ApplicationFilterChain.internalDoFilter(ApplicationFilterChain.java:193) ~[tomcat-embed-core-9.0.13.jar:9.0.13]
	at org.apache.catalina.core.ApplicationFilterChain.doFilter(ApplicationFilterChain.java:166) ~[tomcat-embed-core-9.0.13.jar:9.0.13]
	at org.springframework.web.filter.RequestContextFilter.doFilterInternal(RequestContextFilter.java:99) ~[spring-web-5.1.3.RELEASE.jar:5.1.3.RELEASE]
	at org.springframework.web.filter.OncePerRequestFilter.doFilter(OncePerRequestFilter.java:107) ~[spring-web-5.1.3.RELEASE.jar:5.1.3.RELEASE]
	at org.apache.catalina.core.ApplicationFilterChain.internalDoFilter(ApplicationFilterChain.java:193) ~[tomcat-embed-core-9.0.13.jar:9.0.13]
	at org.apache.catalina.core.ApplicationFilterChain.doFilter(ApplicationFilterChain.java:166) ~[tomcat-embed-core-9.0.13.jar:9.0.13]
	at org.springframework.web.filter.FormContentFilter.doFilterInternal(FormContentFilter.java:92) ~[spring-web-5.1.3.RELEASE.jar:5.1.3.RELEASE]
	at org.springframework.web.filter.OncePerRequestFilter.doFilter(OncePerRequestFilter.java:107) ~[spring-web-5.1.3.RELEASE.jar:5.1.3.RELEASE]
	at org.apache.catalina.core.ApplicationFilterChain.internalDoFilter(ApplicationFilterChain.java:193) ~[tomcat-embed-core-9.0.13.jar:9.0.13]
	at org.apache.catalina.core.ApplicationFilterChain.doFilter(ApplicationFilterChain.java:166) ~[tomcat-embed-core-9.0.13.jar:9.0.13]
	at org.springframework.web.filter.HiddenHttpMethodFilter.doFilterInternal(HiddenHttpMethodFilter.java:93) ~[spring-web-5.1.3.RELEASE.jar:5.1.3.RELEASE]
	at org.springframework.web.filter.OncePerRequestFilter.doFilter(OncePerRequestFilter.java:107) ~[spring-web-5.1.3.RELEASE.jar:5.1.3.RELEASE]
	at org.apache.catalina.core.ApplicationFilterChain.internalDoFilter(ApplicationFilterChain.java:193) ~[tomcat-embed-core-9.0.13.jar:9.0.13]
	at org.apache.catalina.core.ApplicationFilterChain.doFilter(ApplicationFilterChain.java:166) ~[tomcat-embed-core-9.0.13.jar:9.0.13]
	at org.springframework.web.filter.CharacterEncodingFilter.doFilterInternal(CharacterEncodingFilter.java:200) ~[spring-web-5.1.3.RELEASE.jar:5.1.3.RELEASE]
	at org.springframework.web.filter.OncePerRequestFilter.doFilter(OncePerRequestFilter.java:107) ~[spring-web-5.1.3.RELEASE.jar:5.1.3.RELEASE]
	at org.apache.catalina.core.ApplicationFilterChain.internalDoFilter(ApplicationFilterChain.java:193) ~[tomcat-embed-core-9.0.13.jar:9.0.13]
	at org.apache.catalina.core.ApplicationFilterChain.doFilter(ApplicationFilterChain.java:166) ~[tomcat-embed-core-9.0.13.jar:9.0.13]
	at org.apache.catalina.core.StandardWrapperValve.invoke(StandardWrapperValve.java:199) ~[tomcat-embed-core-9.0.13.jar:9.0.13]
	at org.apache.catalina.core.StandardContextValve.invoke(StandardContextValve.java:96) ~[tomcat-embed-core-9.0.13.jar:9.0.13]
	at org.apache.catalina.authenticator.AuthenticatorBase.invoke(AuthenticatorBase.java:490) ~[tomcat-embed-core-9.0.13.jar:9.0.13]
	at org.apache.catalina.core.StandardHostValve.invoke(StandardHostValve.java:139) ~[tomcat-embed-core-9.0.13.jar:9.0.13]
	at org.apache.catalina.valves.ErrorReportValve.invoke(ErrorReportValve.java:92) ~[tomcat-embed-core-9.0.13.jar:9.0.13]
	at org.apache.catalina.core.StandardEngineValve.invoke(StandardEngineValve.java:74) ~[tomcat-embed-core-9.0.13.jar:9.0.13]
	at org.apache.catalina.connector.CoyoteAdapter.service(CoyoteAdapter.java:343) ~[tomcat-embed-core-9.0.13.jar:9.0.13]
	at org.apache.coyote.http11.Http11Processor.service(Http11Processor.java:408) ~[tomcat-embed-core-9.0.13.jar:9.0.13]
	at org.apache.coyote.AbstractProcessorLight.process(AbstractProcessorLight.java:66) ~[tomcat-embed-core-9.0.13.jar:9.0.13]
	at org.apache.coyote.AbstractProtocol$ConnectionHandler.process(AbstractProtocol.java:791) ~[tomcat-embed-core-9.0.13.jar:9.0.13]
	at org.apache.tomcat.util.net.NioEndpoint$SocketProcessor.doRun(NioEndpoint.java:1417) ~[tomcat-embed-core-9.0.13.jar:9.0.13]
	at org.apache.tomcat.util.net.SocketProcessorBase.run(SocketProcessorBase.java:49) ~[tomcat-embed-core-9.0.13.jar:9.0.13]
	at java.util.concurrent.ThreadPoolExecutor.runWorker(ThreadPoolExecutor.java:1149) ~[?:1.8.0_181]
	at java.util.concurrent.ThreadPoolExecutor$Worker.run(ThreadPoolExecutor.java:624) ~[?:1.8.0_181]
	at org.apache.tomcat.util.threads.TaskThread$WrappingRunnable.run(TaskThread.java:61) ~[tomcat-embed-core-9.0.13.jar:9.0.13]
	at java.lang.Thread.run(Thread.java:748) [?:1.8.0_181]
2018-12-14 15:37:47.124 [main] INFO  [com.itwx.environment.EnvironmentApplication:] maincid - Starting EnvironmentApplication on LAPTOP-J2F3UG0L with PID 15012 (D:\JetBrains\idea-workspace\environment\target\classes started by wangxuan in D:\JetBrains\idea-workspace\environment)
2018-12-14 15:37:47.130 [main] INFO  [com.itwx.environment.EnvironmentApplication:] maincid - No active profile set, falling back to default profiles: default
2018-12-14 15:37:47.885 [main] INFO  [org.springframework.boot.web.embedded.tomcat.TomcatWebServer:90] maincid - Tomcat initialized with port(s): 8601 (http)
2018-12-14 15:37:47.898 [main] INFO  [org.apache.coyote.http11.Http11NioProtocol:173] maincid - Initializing ProtocolHandler ["http-nio-8601"]
2018-12-14 15:37:47.905 [main] INFO  [org.apache.catalina.core.StandardService:173] maincid - Starting service [Tomcat]
2018-12-14 15:37:47.906 [main] INFO  [org.apache.catalina.core.StandardEngine:173] maincid - Starting Servlet Engine: Apache Tomcat/9.0.13
2018-12-14 15:37:47.911 [main] INFO  [org.apache.catalina.core.AprLifecycleListener:173] maincid - The APR based Apache Tomcat Native library which allows optimal performance in production environments was not found on the java.library.path: [D:\java\JDK1.8\bin;C:\WINDOWS\Sun\Java\bin;C:\WINDOWS\system32;C:\WINDOWS;D:\java\JDK1.8\bin;D:\java\JDK1.8\jre\bin;C:\Program Files (x86)\Common Files\Oracle\Java\javapath;C:\Program Files (x86)\Intel\iCLS Client\;C:\Program Files\Intel\iCLS Client\;C:\Windows\system32;C:\Windows;C:\Windows\System32\Wbem;C:\Windows\System32\WindowsPowerShell\v1.0\;C:\Program Files (x86)\Intel\Intel(R) Management Engine Components\DAL;C:\Program Files\Intel\Intel(R) Management Engine Components\DAL;C:\Program Files (x86)\Intel\Intel(R) Management Engine Components\IPT;C:\Program Files\Intel\Intel(R) Management Engine Components\IPT;C:\Program Files (x86)\NVIDIA Corporation\PhysX\Common;D:\Git\cmd;D:\Mysql\bin;D:\Maven\apache-maven-3.5.4\bin;C:\WINDOWS\system32;C:\WINDOWS;C:\WINDOWS\System32\Wbem;C:\WINDOWS\System32\WindowsPowerShell\v1.0\;C:\WINDOWS\System32\OpenSSH\;D:\gradle-4.10.2\bin;D:\nodejs\;C:\Users\wangxuan\AppData\Local\Microsoft\WindowsApps;D:\nodejs\node_global;;D:\Microsoft VS Code\bin;.]
2018-12-14 15:37:47.997 [main] INFO  [org.apache.catalina.core.ContainerBase.[Tomcat].[localhost].[/]:173] maincid - Initializing Spring embedded WebApplicationContext
2018-12-14 15:37:47.997 [main] INFO  [org.springframework.web.context.ContextLoader:296] maincid - Root WebApplicationContext: initialization completed in 842 ms
2018-12-14 15:37:48.410 [main] INFO  [org.springframework.scheduling.concurrent.ThreadPoolTaskExecutor:171] maincid - Initializing ExecutorService 'applicationTaskExecutor'
2018-12-14 15:37:48.548 [main] INFO  [org.apache.coyote.http11.Http11NioProtocol:173] maincid - Starting ProtocolHandler ["http-nio-8601"]
2018-12-14 15:37:48.554 [main] INFO  [org.apache.tomcat.util.net.NioSelectorPool:173] maincid - Using a shared selector for servlet write/read
2018-12-14 15:37:48.564 [main] INFO  [org.springframework.boot.web.embedded.tomcat.TomcatWebServer:204] maincid - Tomcat started on port(s): 8601 (http) with context path ''
2018-12-14 15:37:48.566 [main] INFO  [com.itwx.environment.EnvironmentApplication:] maincid - Started EnvironmentApplication in 1.891 seconds (JVM running for 2.874)
2018-12-14 15:37:51.285 [http-nio-8601-exec-1] INFO  [org.apache.catalina.core.ContainerBase.[Tomcat].[localhost].[/]:173] http-nio-8601-exec-1cid - Initializing Spring DispatcherServlet 'dispatcherServlet'
2018-12-14 15:37:51.285 [http-nio-8601-exec-1] INFO  [org.springframework.web.servlet.DispatcherServlet:524] http-nio-8601-exec-1cid - Initializing Servlet 'dispatcherServlet'
2018-12-14 15:37:51.289 [http-nio-8601-exec-1] INFO  [org.springframework.web.servlet.DispatcherServlet:546] http-nio-8601-exec-1cid - Completed initialization in 4 ms
2018-12-14 15:37:51.345 [http-nio-8601-exec-1] INFO  [com.zaxxer.hikari.HikariDataSource:110] http-nio-8601-exec-1cid - HikariPool-1 - Starting...
2018-12-14 15:37:51.470 [http-nio-8601-exec-1] INFO  [com.zaxxer.hikari.HikariDataSource:123] http-nio-8601-exec-1cid - HikariPool-1 - Start completed.
2018-12-14 15:39:18.694 [main] INFO  [com.itwx.environment.EnvironmentApplication:] maincid - Starting EnvironmentApplication on LAPTOP-J2F3UG0L with PID 3596 (D:\JetBrains\idea-workspace\environment\target\classes started by wangxuan in D:\JetBrains\idea-workspace\environment)
2018-12-14 15:39:18.702 [main] INFO  [com.itwx.environment.EnvironmentApplication:] maincid - No active profile set, falling back to default profiles: default
2018-12-14 15:39:19.711 [main] INFO  [org.springframework.boot.web.embedded.tomcat.TomcatWebServer:90] maincid - Tomcat initialized with port(s): 8601 (http)
2018-12-14 15:39:19.724 [main] INFO  [org.apache.coyote.http11.Http11NioProtocol:173] maincid - Initializing ProtocolHandler ["http-nio-8601"]
2018-12-14 15:39:19.732 [main] INFO  [org.apache.catalina.core.StandardService:173] maincid - Starting service [Tomcat]
2018-12-14 15:39:19.733 [main] INFO  [org.apache.catalina.core.StandardEngine:173] maincid - Starting Servlet Engine: Apache Tomcat/9.0.13
2018-12-14 15:39:19.738 [main] INFO  [org.apache.catalina.core.AprLifecycleListener:173] maincid - The APR based Apache Tomcat Native library which allows optimal performance in production environments was not found on the java.library.path: [D:\java\JDK1.8\bin;C:\WINDOWS\Sun\Java\bin;C:\WINDOWS\system32;C:\WINDOWS;D:\java\JDK1.8\bin;D:\java\JDK1.8\jre\bin;C:\Program Files (x86)\Common Files\Oracle\Java\javapath;C:\Program Files (x86)\Intel\iCLS Client\;C:\Program Files\Intel\iCLS Client\;C:\Windows\system32;C:\Windows;C:\Windows\System32\Wbem;C:\Windows\System32\WindowsPowerShell\v1.0\;C:\Program Files (x86)\Intel\Intel(R) Management Engine Components\DAL;C:\Program Files\Intel\Intel(R) Management Engine Components\DAL;C:\Program Files (x86)\Intel\Intel(R) Management Engine Components\IPT;C:\Program Files\Intel\Intel(R) Management Engine Components\IPT;C:\Program Files (x86)\NVIDIA Corporation\PhysX\Common;D:\Git\cmd;D:\Mysql\bin;D:\Maven\apache-maven-3.5.4\bin;C:\WINDOWS\system32;C:\WINDOWS;C:\WINDOWS\System32\Wbem;C:\WINDOWS\System32\WindowsPowerShell\v1.0\;C:\WINDOWS\System32\OpenSSH\;D:\gradle-4.10.2\bin;D:\nodejs\;C:\Users\wangxuan\AppData\Local\Microsoft\WindowsApps;D:\nodejs\node_global;;D:\Microsoft VS Code\bin;.]
2018-12-14 15:39:19.825 [main] INFO  [org.apache.catalina.core.ContainerBase.[Tomcat].[localhost].[/]:173] maincid - Initializing Spring embedded WebApplicationContext
2018-12-14 15:39:19.825 [main] INFO  [org.springframework.web.context.ContextLoader:296] maincid - Root WebApplicationContext: initialization completed in 1065 ms
2018-12-14 15:39:20.200 [main] INFO  [org.springframework.scheduling.concurrent.ThreadPoolTaskExecutor:171] maincid - Initializing ExecutorService 'applicationTaskExecutor'
2018-12-14 15:39:20.342 [main] INFO  [org.apache.coyote.http11.Http11NioProtocol:173] maincid - Starting ProtocolHandler ["http-nio-8601"]
2018-12-14 15:39:20.349 [main] INFO  [org.apache.tomcat.util.net.NioSelectorPool:173] maincid - Using a shared selector for servlet write/read
2018-12-14 15:39:20.360 [main] INFO  [org.springframework.boot.web.embedded.tomcat.TomcatWebServer:204] maincid - Tomcat started on port(s): 8601 (http) with context path ''
2018-12-14 15:39:20.362 [main] INFO  [com.itwx.environment.EnvironmentApplication:] maincid - Started EnvironmentApplication in 2.209 seconds (JVM running for 3.196)
2018-12-14 15:39:22.284 [http-nio-8601-exec-1] INFO  [org.apache.catalina.core.ContainerBase.[Tomcat].[localhost].[/]:173] http-nio-8601-exec-1cid - Initializing Spring DispatcherServlet 'dispatcherServlet'
2018-12-14 15:39:22.284 [http-nio-8601-exec-1] INFO  [org.springframework.web.servlet.DispatcherServlet:524] http-nio-8601-exec-1cid - Initializing Servlet 'dispatcherServlet'
2018-12-14 15:39:22.289 [http-nio-8601-exec-1] INFO  [org.springframework.web.servlet.DispatcherServlet:546] http-nio-8601-exec-1cid - Completed initialization in 5 ms
2018-12-14 15:39:22.345 [http-nio-8601-exec-1] INFO  [com.zaxxer.hikari.HikariDataSource:110] http-nio-8601-exec-1cid - HikariPool-1 - Starting...
2018-12-14 15:39:22.472 [http-nio-8601-exec-1] INFO  [com.zaxxer.hikari.HikariDataSource:123] http-nio-8601-exec-1cid - HikariPool-1 - Start completed.
2018-12-14 15:39:22.534 [http-nio-8601-exec-1] ERROR [org.apache.catalina.core.ContainerBase.[Tomcat].[localhost].[/].[dispatcherServlet]:175] http-nio-8601-exec-1cid - Servlet.service() for servlet [dispatcherServlet] in context with path [] threw exception [Request processing failed; nested exception is org.springframework.jdbc.BadSqlGrammarException: 
### Error querying database.  Cause: com.mysql.jdbc.exceptions.jdbc4.MySQLSyntaxErrorException: Unknown column 'caoyc' in 'where clause'
### The error may exist in file [D:\JetBrains\idea-workspace\environment\target\classes\mapper\mybatis\UserMapper.xml]
### The error may involve com.itwx.environment.mybatis.cache.mapper.UserMapper.selectUserByName-Inline
### The error occurred while setting parameters
### SQL: select id,name,balance,state from user         where 1=1                       and name = caoyc
### Cause: com.mysql.jdbc.exceptions.jdbc4.MySQLSyntaxErrorException: Unknown column 'caoyc' in 'where clause'
; bad SQL grammar []; nested exception is com.mysql.jdbc.exceptions.jdbc4.MySQLSyntaxErrorException: Unknown column 'caoyc' in 'where clause'] with root cause
com.mysql.jdbc.exceptions.jdbc4.MySQLSyntaxErrorException: Unknown column 'caoyc' in 'where clause'
	at sun.reflect.NativeConstructorAccessorImpl.newInstance0(Native Method) ~[?:1.8.0_181]
	at sun.reflect.NativeConstructorAccessorImpl.newInstance(NativeConstructorAccessorImpl.java:62) ~[?:1.8.0_181]
	at sun.reflect.DelegatingConstructorAccessorImpl.newInstance(DelegatingConstructorAccessorImpl.java:45) ~[?:1.8.0_181]
	at java.lang.reflect.Constructor.newInstance(Constructor.java:423) ~[?:1.8.0_181]
	at com.mysql.jdbc.Util.handleNewInstance(Util.java:425) ~[mysql-connector-java-5.1.46.jar:5.1.46]
	at com.mysql.jdbc.Util.getInstance(Util.java:408) ~[mysql-connector-java-5.1.46.jar:5.1.46]
	at com.mysql.jdbc.SQLError.createSQLException(SQLError.java:944) ~[mysql-connector-java-5.1.46.jar:5.1.46]
	at com.mysql.jdbc.MysqlIO.checkErrorPacket(MysqlIO.java:3976) ~[mysql-connector-java-5.1.46.jar:5.1.46]
	at com.mysql.jdbc.MysqlIO.checkErrorPacket(MysqlIO.java:3912) ~[mysql-connector-java-5.1.46.jar:5.1.46]
	at com.mysql.jdbc.MysqlIO.sendCommand(MysqlIO.java:2530) ~[mysql-connector-java-5.1.46.jar:5.1.46]
	at com.mysql.jdbc.MysqlIO.sqlQueryDirect(MysqlIO.java:2683) ~[mysql-connector-java-5.1.46.jar:5.1.46]
	at com.mysql.jdbc.ConnectionImpl.execSQL(ConnectionImpl.java:2486) ~[mysql-connector-java-5.1.46.jar:5.1.46]
	at com.mysql.jdbc.PreparedStatement.executeInternal(PreparedStatement.java:1858) ~[mysql-connector-java-5.1.46.jar:5.1.46]
	at com.mysql.jdbc.PreparedStatement.execute(PreparedStatement.java:1197) ~[mysql-connector-java-5.1.46.jar:5.1.46]
	at com.zaxxer.hikari.pool.ProxyPreparedStatement.execute(ProxyPreparedStatement.java:44) ~[HikariCP-3.2.0.jar:?]
	at com.zaxxer.hikari.pool.HikariProxyPreparedStatement.execute(HikariProxyPreparedStatement.java) ~[HikariCP-3.2.0.jar:?]
	at sun.reflect.NativeMethodAccessorImpl.invoke0(Native Method) ~[?:1.8.0_181]
	at sun.reflect.NativeMethodAccessorImpl.invoke(NativeMethodAccessorImpl.java:62) ~[?:1.8.0_181]
	at sun.reflect.DelegatingMethodAccessorImpl.invoke(DelegatingMethodAccessorImpl.java:43) ~[?:1.8.0_181]
	at java.lang.reflect.Method.invoke(Method.java:498) ~[?:1.8.0_181]
	at org.apache.ibatis.logging.jdbc.PreparedStatementLogger.invoke(PreparedStatementLogger.java:59) ~[mybatis-3.4.6.jar:3.4.6]
	at com.sun.proxy.$Proxy82.execute(Unknown Source) ~[?:?]
	at org.apache.ibatis.executor.statement.PreparedStatementHandler.query(PreparedStatementHandler.java:63) ~[mybatis-3.4.6.jar:3.4.6]
	at org.apache.ibatis.executor.statement.RoutingStatementHandler.query(RoutingStatementHandler.java:79) ~[mybatis-3.4.6.jar:3.4.6]
	at org.apache.ibatis.executor.SimpleExecutor.doQuery(SimpleExecutor.java:63) ~[mybatis-3.4.6.jar:3.4.6]
	at org.apache.ibatis.executor.BaseExecutor.queryFromDatabase(BaseExecutor.java:326) ~[mybatis-3.4.6.jar:3.4.6]
	at org.apache.ibatis.executor.BaseExecutor.query(BaseExecutor.java:156) ~[mybatis-3.4.6.jar:3.4.6]
	at org.apache.ibatis.executor.CachingExecutor.query(CachingExecutor.java:109) ~[mybatis-3.4.6.jar:3.4.6]
	at org.apache.ibatis.executor.CachingExecutor.query(CachingExecutor.java:83) ~[mybatis-3.4.6.jar:3.4.6]
	at org.apache.ibatis.session.defaults.DefaultSqlSession.selectList(DefaultSqlSession.java:148) ~[mybatis-3.4.6.jar:3.4.6]
	at org.apache.ibatis.session.defaults.DefaultSqlSession.selectList(DefaultSqlSession.java:141) ~[mybatis-3.4.6.jar:3.4.6]
	at org.apache.ibatis.session.defaults.DefaultSqlSession.selectOne(DefaultSqlSession.java:77) ~[mybatis-3.4.6.jar:3.4.6]
	at sun.reflect.NativeMethodAccessorImpl.invoke0(Native Method) ~[?:1.8.0_181]
	at sun.reflect.NativeMethodAccessorImpl.invoke(NativeMethodAccessorImpl.java:62) ~[?:1.8.0_181]
	at sun.reflect.DelegatingMethodAccessorImpl.invoke(DelegatingMethodAccessorImpl.java:43) ~[?:1.8.0_181]
	at java.lang.reflect.Method.invoke(Method.java:498) ~[?:1.8.0_181]
	at org.mybatis.spring.SqlSessionTemplate$SqlSessionInterceptor.invoke(SqlSessionTemplate.java:433) ~[mybatis-spring-1.3.2.jar:1.3.2]
	at com.sun.proxy.$Proxy69.selectOne(Unknown Source) ~[?:?]
	at org.mybatis.spring.SqlSessionTemplate.selectOne(SqlSessionTemplate.java:166) ~[mybatis-spring-1.3.2.jar:1.3.2]
	at org.apache.ibatis.binding.MapperMethod.execute(MapperMethod.java:83) ~[mybatis-3.4.6.jar:3.4.6]
	at org.apache.ibatis.binding.MapperProxy.invoke(MapperProxy.java:59) ~[mybatis-3.4.6.jar:3.4.6]
	at com.sun.proxy.$Proxy70.selectUserByName(Unknown Source) ~[?:?]
	at com.itwx.environment.mybatis.cache.service.impl.UserServiceImpl.getUserByName(UserServiceImpl.java:27) ~[classes/:?]
	at com.itwx.environment.mybatis.cache.controller.UserController.getUserByName(UserController.java:40) ~[classes/:?]
	at sun.reflect.NativeMethodAccessorImpl.invoke0(Native Method) ~[?:1.8.0_181]
	at sun.reflect.NativeMethodAccessorImpl.invoke(NativeMethodAccessorImpl.java:62) ~[?:1.8.0_181]
	at sun.reflect.DelegatingMethodAccessorImpl.invoke(DelegatingMethodAccessorImpl.java:43) ~[?:1.8.0_181]
	at java.lang.reflect.Method.invoke(Method.java:498) ~[?:1.8.0_181]
	at org.springframework.web.method.support.InvocableHandlerMethod.doInvoke(InvocableHandlerMethod.java:189) ~[spring-web-5.1.3.RELEASE.jar:5.1.3.RELEASE]
	at org.springframework.web.method.support.InvocableHandlerMethod.invokeForRequest(InvocableHandlerMethod.java:138) ~[spring-web-5.1.3.RELEASE.jar:5.1.3.RELEASE]
	at org.springframework.web.servlet.mvc.method.annotation.ServletInvocableHandlerMethod.invokeAndHandle(ServletInvocableHandlerMethod.java:102) ~[spring-webmvc-5.1.3.RELEASE.jar:5.1.3.RELEASE]
	at org.springframework.web.servlet.mvc.method.annotation.RequestMappingHandlerAdapter.invokeHandlerMethod(RequestMappingHandlerAdapter.java:895) ~[spring-webmvc-5.1.3.RELEASE.jar:5.1.3.RELEASE]
	at org.springframework.web.servlet.mvc.method.annotation.RequestMappingHandlerAdapter.handleInternal(RequestMappingHandlerAdapter.java:800) ~[spring-webmvc-5.1.3.RELEASE.jar:5.1.3.RELEASE]
	at org.springframework.web.servlet.mvc.method.AbstractHandlerMethodAdapter.handle(AbstractHandlerMethodAdapter.java:87) ~[spring-webmvc-5.1.3.RELEASE.jar:5.1.3.RELEASE]
	at org.springframework.web.servlet.DispatcherServlet.doDispatch(DispatcherServlet.java:1038) ~[spring-webmvc-5.1.3.RELEASE.jar:5.1.3.RELEASE]
	at org.springframework.web.servlet.DispatcherServlet.doService(DispatcherServlet.java:942) ~[spring-webmvc-5.1.3.RELEASE.jar:5.1.3.RELEASE]
	at org.springframework.web.servlet.FrameworkServlet.processRequest(FrameworkServlet.java:1005) ~[spring-webmvc-5.1.3.RELEASE.jar:5.1.3.RELEASE]
	at org.springframework.web.servlet.FrameworkServlet.doGet(FrameworkServlet.java:897) ~[spring-webmvc-5.1.3.RELEASE.jar:5.1.3.RELEASE]
	at javax.servlet.http.HttpServlet.service(HttpServlet.java:634) ~[tomcat-embed-core-9.0.13.jar:9.0.13]
	at org.springframework.web.servlet.FrameworkServlet.service(FrameworkServlet.java:882) ~[spring-webmvc-5.1.3.RELEASE.jar:5.1.3.RELEASE]
	at javax.servlet.http.HttpServlet.service(HttpServlet.java:741) ~[tomcat-embed-core-9.0.13.jar:9.0.13]
	at org.apache.catalina.core.ApplicationFilterChain.internalDoFilter(ApplicationFilterChain.java:231) ~[tomcat-embed-core-9.0.13.jar:9.0.13]
	at org.apache.catalina.core.ApplicationFilterChain.doFilter(ApplicationFilterChain.java:166) ~[tomcat-embed-core-9.0.13.jar:9.0.13]
	at org.apache.tomcat.websocket.server.WsFilter.doFilter(WsFilter.java:53) ~[tomcat-embed-websocket-9.0.13.jar:9.0.13]
	at org.apache.catalina.core.ApplicationFilterChain.internalDoFilter(ApplicationFilterChain.java:193) ~[tomcat-embed-core-9.0.13.jar:9.0.13]
	at org.apache.catalina.core.ApplicationFilterChain.doFilter(ApplicationFilterChain.java:166) ~[tomcat-embed-core-9.0.13.jar:9.0.13]
	at org.springframework.web.filter.RequestContextFilter.doFilterInternal(RequestContextFilter.java:99) ~[spring-web-5.1.3.RELEASE.jar:5.1.3.RELEASE]
	at org.springframework.web.filter.OncePerRequestFilter.doFilter(OncePerRequestFilter.java:107) ~[spring-web-5.1.3.RELEASE.jar:5.1.3.RELEASE]
	at org.apache.catalina.core.ApplicationFilterChain.internalDoFilter(ApplicationFilterChain.java:193) ~[tomcat-embed-core-9.0.13.jar:9.0.13]
	at org.apache.catalina.core.ApplicationFilterChain.doFilter(ApplicationFilterChain.java:166) ~[tomcat-embed-core-9.0.13.jar:9.0.13]
	at org.springframework.web.filter.FormContentFilter.doFilterInternal(FormContentFilter.java:92) ~[spring-web-5.1.3.RELEASE.jar:5.1.3.RELEASE]
	at org.springframework.web.filter.OncePerRequestFilter.doFilter(OncePerRequestFilter.java:107) ~[spring-web-5.1.3.RELEASE.jar:5.1.3.RELEASE]
	at org.apache.catalina.core.ApplicationFilterChain.internalDoFilter(ApplicationFilterChain.java:193) ~[tomcat-embed-core-9.0.13.jar:9.0.13]
	at org.apache.catalina.core.ApplicationFilterChain.doFilter(ApplicationFilterChain.java:166) ~[tomcat-embed-core-9.0.13.jar:9.0.13]
	at org.springframework.web.filter.HiddenHttpMethodFilter.doFilterInternal(HiddenHttpMethodFilter.java:93) ~[spring-web-5.1.3.RELEASE.jar:5.1.3.RELEASE]
	at org.springframework.web.filter.OncePerRequestFilter.doFilter(OncePerRequestFilter.java:107) ~[spring-web-5.1.3.RELEASE.jar:5.1.3.RELEASE]
	at org.apache.catalina.core.ApplicationFilterChain.internalDoFilter(ApplicationFilterChain.java:193) ~[tomcat-embed-core-9.0.13.jar:9.0.13]
	at org.apache.catalina.core.ApplicationFilterChain.doFilter(ApplicationFilterChain.java:166) ~[tomcat-embed-core-9.0.13.jar:9.0.13]
	at org.springframework.web.filter.CharacterEncodingFilter.doFilterInternal(CharacterEncodingFilter.java:200) ~[spring-web-5.1.3.RELEASE.jar:5.1.3.RELEASE]
	at org.springframework.web.filter.OncePerRequestFilter.doFilter(OncePerRequestFilter.java:107) ~[spring-web-5.1.3.RELEASE.jar:5.1.3.RELEASE]
	at org.apache.catalina.core.ApplicationFilterChain.internalDoFilter(ApplicationFilterChain.java:193) ~[tomcat-embed-core-9.0.13.jar:9.0.13]
	at org.apache.catalina.core.ApplicationFilterChain.doFilter(ApplicationFilterChain.java:166) ~[tomcat-embed-core-9.0.13.jar:9.0.13]
	at org.apache.catalina.core.StandardWrapperValve.invoke(StandardWrapperValve.java:199) ~[tomcat-embed-core-9.0.13.jar:9.0.13]
	at org.apache.catalina.core.StandardContextValve.invoke(StandardContextValve.java:96) ~[tomcat-embed-core-9.0.13.jar:9.0.13]
	at org.apache.catalina.authenticator.AuthenticatorBase.invoke(AuthenticatorBase.java:490) ~[tomcat-embed-core-9.0.13.jar:9.0.13]
	at org.apache.catalina.core.StandardHostValve.invoke(StandardHostValve.java:139) ~[tomcat-embed-core-9.0.13.jar:9.0.13]
	at org.apache.catalina.valves.ErrorReportValve.invoke(ErrorReportValve.java:92) ~[tomcat-embed-core-9.0.13.jar:9.0.13]
	at org.apache.catalina.core.StandardEngineValve.invoke(StandardEngineValve.java:74) ~[tomcat-embed-core-9.0.13.jar:9.0.13]
	at org.apache.catalina.connector.CoyoteAdapter.service(CoyoteAdapter.java:343) ~[tomcat-embed-core-9.0.13.jar:9.0.13]
	at org.apache.coyote.http11.Http11Processor.service(Http11Processor.java:408) ~[tomcat-embed-core-9.0.13.jar:9.0.13]
	at org.apache.coyote.AbstractProcessorLight.process(AbstractProcessorLight.java:66) ~[tomcat-embed-core-9.0.13.jar:9.0.13]
	at org.apache.coyote.AbstractProtocol$ConnectionHandler.process(AbstractProtocol.java:791) ~[tomcat-embed-core-9.0.13.jar:9.0.13]
	at org.apache.tomcat.util.net.NioEndpoint$SocketProcessor.doRun(NioEndpoint.java:1417) ~[tomcat-embed-core-9.0.13.jar:9.0.13]
	at org.apache.tomcat.util.net.SocketProcessorBase.run(SocketProcessorBase.java:49) ~[tomcat-embed-core-9.0.13.jar:9.0.13]
	at java.util.concurrent.ThreadPoolExecutor.runWorker(ThreadPoolExecutor.java:1149) ~[?:1.8.0_181]
	at java.util.concurrent.ThreadPoolExecutor$Worker.run(ThreadPoolExecutor.java:624) ~[?:1.8.0_181]
	at org.apache.tomcat.util.threads.TaskThread$WrappingRunnable.run(TaskThread.java:61) ~[tomcat-embed-core-9.0.13.jar:9.0.13]
	at java.lang.Thread.run(Thread.java:748) [?:1.8.0_181]
